~\AndroidStudioProjects\Agent-bigo git:[Added]
gradle assembleRelease

Starting a Gradle Daemon (subsequent builds will be faster)
Build was configured to prefer settings repositories over project repositories but repository 'MavenLocal' was added by initialization script 'C:\Program Files\gradle-8.14\init.d\init.gradle'
Build was configured to prefer settings repositories over project repositories but repository 'MavenRepo' was added by initialization script 'C:\Program Files\gradle-8.14\init.d\init.gradle'
Build was configured to prefer settings repositories over project repositories but repository 'Google' was added by initialization script 'C:\Program Files\gradle-8.14\init.d\init.gradle'
Build was configured to prefer settings repositories over project repositories but repository 'maven' was added by initialization script 'C:\Program Files\gradle-8.14\init.d\init.gradle'
Build was configured to prefer settings repositories over project repositories but repository 'Alibaba' was added by initialization script 'C:\Program Files\gradle-8.14\init.d\init.gradle'
Build was configured to prefer settings repositories over project repositories but repository 'Bstek' was added by initialization script 'C:\Program Files\gradle-8.14\init.d\init.gradle'
Build was configured to prefer settings repositories over project repositories but repository 'MavenLocal' was added by initialization script 'C:\Program Files\gradle-8.14\init.d\init.gradle'
Build was configured to prefer settings repositories over project repositories but repository 'MavenRepo' was added by initialization script 'C:\Program Files\gradle-8.14\init.d\init.gradle'
Build was configured to prefer settings repositories over project repositories but repository 'Google' was added by initialization script 'C:\Program Files\gradle-8.14\init.d\init.gradle'
Build was configured to prefer settings repositories over project repositories but repository 'maven' was added by initialization script 'C:\Program Files\gradle-8.14\init.d\init.gradle'
Build was configured to prefer settings repositories over project repositories but repository 'Alibaba' was added by initialization script 'C:\Program Files\gradle-8.14\init.d\init.gradle'
Build was configured to prefer settings repositories over project repositories but repository 'Bstek' was added by initialization script 'C:\Program Files\gradle-8.14\init.d\init.gradle'

> Task :app:processReleaseMainManifest
C:\Users\yjj38\AndroidStudioProjects\Agent-bigo\app\src\main\AndroidManifest.xml:15:1-107 Warning:
        Element uses-permission#android.permission.MANAGE_EXTERNAL_STORAGE at AndroidManifest.xml:15:1-107 duplicated with element declared at AndroidManifest.xml:9:1-78

> Task :app:validateSigningRelease FAILED

[Incubating] Problems report is available at: file:///C:/Users/yjj38/AndroidStudioProjects/Agent-bigo/build/reports/problems/problems-report.html

FAILURE: Build failed with an exception.

* What went wrong:
Execution failed for task ':app:validateSigningRelease'.
> Keystore file 'C:\Users\yjj38\AndroidStudioProjects\Agent-bigo\app\agent_add.jks' not found for signing config 'release'.

* Try:
> Run with --stacktrace option to get the stack trace.
> Run with --info or --debug option to get more log output.
> Run with --scan to get full insights.
> Get more help at https://help.gradle.org.

Deprecated Gradle features were used in this build, making it incompatible with Gradle 9.0.

You can use '--warning-mode all' to show the individual deprecation warnings and determine if they come from your own scripts or plugins.

For more on this, please refer to https://docs.gradle.org/8.14/userguide/command_line_interface.html#sec:command_line_warnings in the Gradle documentation.

BUILD FAILED in 37s
38 actionable tasks: 37 executed, 1 up-to-date
~\AndroidStudioProjects\Agent-bigo git:[Added]
gradle assembleRelease
Build was configured to prefer settings repositories over project repositories but repository 'MavenLocal' was added by initialization script 'C:\Program Files\gradle-8.14\init.d\init.gradle'
Build was configured to prefer settings repositories over project repositories but repository 'MavenRepo' was added by initialization script 'C:\Program Files\gradle-8.14\init.d\init.gradle'
Build was configured to prefer settings repositories over project repositories but repository 'Google' was added by initialization script 'C:\Program Files\gradle-8.14\init.d\init.gradle'
Build was configured to prefer settings repositories over project repositories but repository 'maven' was added by initialization script 'C:\Program Files\gradle-8.14\init.d\init.gradle'
Build was configured to prefer settings repositories over project repositories but repository 'Alibaba' was added by initialization script 'C:\Program Files\gradle-8.14\init.d\init.gradle'
Build was configured to prefer settings repositories over project repositories but repository 'Bstek' was added by initialization script 'C:\Program Files\gradle-8.14\init.d\init.gradle'
Build was configured to prefer settings repositories over project repositories but repository 'MavenLocal' was added by initialization script 'C:\Program Files\gradle-8.14\init.d\init.gradle'
Build was configured to prefer settings repositories over project repositories but repository 'MavenRepo' was added by initialization script 'C:\Program Files\gradle-8.14\init.d\init.gradle'
Build was configured to prefer settings repositories over project repositories but repository 'Google' was added by initialization script 'C:\Program Files\gradle-8.14\init.d\init.gradle'
Build was configured to prefer settings repositories over project repositories but repository 'maven' was added by initialization script 'C:\Program Files\gradle-8.14\init.d\init.gradle'
Build was configured to prefer settings repositories over project repositories but repository 'Alibaba' was added by initialization script 'C:\Program Files\gradle-8.14\init.d\init.gradle'
Build was configured to prefer settings repositories over project repositories but repository 'Bstek' was added by initialization script 'C:\Program Files\gradle-8.14\init.d\init.gradle'
> Task :app:validateSigningRelease FAILED

[Incubating] Problems report is available at: file:///C:/Users/yjj38/AndroidStudioProjects/Agent-bigo/build/reports/problems/problems-report.html

FAILURE: Build failed with an exception.

* What went wrong:
Execution failed for task ':app:validateSigningRelease'.
> Keystore file 'C:\Users\yjj38\AndroidStudioProjects\Agent-bigo\app\agent_add.jks' not found for signing config 'release'.

* Try:
> Run with --stacktrace option to get the stack trace.
> Run with --info or --debug option to get more log output.
> Run with --scan to get full insights.
> Get more help at https://help.gradle.org.

Deprecated Gradle features were used in this build, making it incompatible with Gradle 9.0.

You can use '--warning-mode all' to show the individual deprecation warnings and determine if they come from your own scripts or plugins.

For more on this, please refer to https://docs.gradle.org/8.14/userguide/command_line_interface.html#sec:command_line_warnings in the Gradle documentation.

BUILD FAILED in 6s
39 actionable tasks: 10 executed, 29 up-to-date